<?xml version="1.0" encoding="UTF-8"?>
<testng-results ignored="0" total="2" passed="2" failed="0" skipped="0">
  <reporter-output>
  </reporter-output>
  <suite started-at="2023-12-11T14:45:51 IST" name="Default Suite" finished-at="2023-12-11T14:46:40 IST" duration-ms="48672">
    <groups>
    </groups>
    <test started-at="2023-12-11T14:45:51 IST" name="Vivahaya_Project" finished-at="2023-12-11T14:46:40 IST" duration-ms="48672">
      <class name="TestCases.LoginTest">
        <test-method is-config="true" signature="open()[pri:0, instance:TestCases.LoginTest@2f112965]" started-at="2023-12-11T14:45:52 IST" name="open" finished-at="2023-12-11T14:45:57 IST" duration-ms="5046" status="PASS">
          <reporter-output>
          </reporter-output>
        </test-method> <!-- open -->
        <test-method signature="login(java.lang.String,java.lang.String,java.lang.String)[pri:0, instance:TestCases.LoginTest@2f112965]" started-at="2023-12-11T14:45:57 IST" name="login" data-provider="getLoginData" finished-at="2023-12-11T14:46:07 IST" duration-ms="10250" status="PASS">
          <params>
            <param index="0">
              <value>
                <![CDATA[nipuninuwanthi97@gmail.com]]>
              </value>
            </param>
            <param index="1">
              <value>
                <![CDATA[nuwanthi@5914]]>
              </value>
            </param>
            <param index="2">
              <value>
                <![CDATA[Successful]]>
              </value>
            </param>
          </params>
          <reporter-output>
          </reporter-output>
        </test-method> <!-- login -->
        <test-method is-config="true" signature="close()[pri:0, instance:TestCases.LoginTest@2f112965]" started-at="2023-12-11T14:46:07 IST" name="close" finished-at="2023-12-11T14:46:12 IST" duration-ms="5200" status="PASS">
          <reporter-output>
          </reporter-output>
        </test-method> <!-- close -->
        <test-method is-config="true" signature="open()[pri:0, instance:TestCases.LoginTest@2f112965]" started-at="2023-12-11T14:46:12 IST" name="open" finished-at="2023-12-11T14:46:15 IST" duration-ms="2628" status="PASS">
          <reporter-output>
          </reporter-output>
        </test-method> <!-- open -->
        <test-method signature="login(java.lang.String,java.lang.String,java.lang.String)[pri:0, instance:TestCases.LoginTest@2f112965]" started-at="2023-12-11T14:46:15 IST" name="login" data-provider="getLoginData" finished-at="2023-12-11T14:46:35 IST" duration-ms="20248" status="PASS">
          <params>
            <param index="0">
              <value>
                <![CDATA[nnuwanthi97@gmail.com]]>
              </value>
            </param>
            <param index="1">
              <value>
                <![CDATA[nuwanthi@59]]>
              </value>
            </param>
            <param index="2">
              <value>
                <![CDATA[Failure]]>
              </value>
            </param>
          </params>
          <reporter-output>
          </reporter-output>
        </test-method> <!-- login -->
        <test-method is-config="true" signature="close()[pri:0, instance:TestCases.LoginTest@2f112965]" started-at="2023-12-11T14:46:35 IST" name="close" finished-at="2023-12-11T14:46:40 IST" duration-ms="5185" status="PASS">
          <reporter-output>
          </reporter-output>
        </test-method> <!-- close -->
      </class> <!-- TestCases.LoginTest -->
    </test> <!-- Vivahaya_Project -->
  </suite> <!-- Default Suite -->
</testng-results>
